72,647,1996-04-18 17:00:16.7017303,4104,Verbose,Microsoft-Windows-PowerShell,Microsoft-Windows-PowerShell/Operational,3508,3644,DESKTOP-18VQM18,0,S-1-5-21-2499541837-3295018831-3194739457-1002,Contains contents of scripts run,,,"Path: ",ScriptBlockText: write-output 'suspiciouscommand_hBUNGxqdgn',,,,,,False,c:\temp\5ac70fd089532de4e31b38d8a32d8c18_flash.evtx,0x0,0,"{""EventData"":{""Data"":[{""@Name"":""MessageNumber"",""#text"":""1""},{""@Name"":""MessageTotal"",""#text"":""1""},{""@Name"":""ScriptBlockText"",""#text"":""write-output 'suspiciouscommand_hBUNGxqdgn'""},{""@Name"":""ScriptBlockId"",""#text"":""73f1c489-8320-49cc-b3e1-049666553c96""},{""@Name"":""Path""}]}}"
73,648,1996-04-18 17:00:16.7169679,4104,Verbose,Microsoft-Windows-PowerShell,Microsoft-Windows-PowerShell/Operational,3508,3644,DESKTOP-18VQM18,0,S-1-5-21-2499541837-3295018831-3194739457-1002,Contains contents of scripts run,,,"Path: ",ScriptBlockText: write-output 'suspiciouscommand_mcoZCxLRhe',,,,,,False,c:\temp\5ac70fd089532de4e31b38d8a32d8c18_flash.evtx,0x0,0,"{""EventData"":{""Data"":[{""@Name"":""MessageNumber"",""#text"":""1""},{""@Name"":""MessageTotal"",""#text"":""1""},{""@Name"":""ScriptBlockText"",""#text"":""write-output 'suspiciouscommand_mcoZCxLRhe'""},{""@Name"":""ScriptBlockId"",""#text"":""8317e8d0-4575-4337-94f7-01930367cf0c""},{""@Name"":""Path""}]}}"
74,649,1996-04-18 17:00:16.7338689,4104,Verbose,Microsoft-Windows-PowerShell,Microsoft-Windows-PowerShell/Operational,3508,3644,DESKTOP-18VQM18,0,S-1-5-21-2499541837-3295018831-3194739457-1002,Contains contents of scripts run,,,"Path: ",ScriptBlockText: write-output 'suspiciouscommand_qNEcYJaKCr',,,,,,False,c:\temp\5ac70fd089532de4e31b38d8a32d8c18_flash.evtx,0x0,0,"{""EventData"":{""Data"":[{""@Name"":""MessageNumber"",""#text"":""1""},{""@Name"":""MessageTotal"",""#text"":""1""},{""@Name"":""ScriptBlockText"",""#text"":""write-output 'suspiciouscommand_qNEcYJaKCr'""},{""@Name"":""ScriptBlockId"",""#text"":""2155ecae-2102-4eff-a88e-83cfd3475947""},{""@Name"":""Path""}]}}"
75,650,1996-04-18 17:00:16.7525816,4104,Verbose,Microsoft-Windows-PowerShell,Microsoft-Windows-PowerShell/Operational,3508,3644,DESKTOP-18VQM18,0,S-1-5-21-2499541837-3295018831-3194739457-1002,Contains contents of scripts run,,,"Path: ",ScriptBlockText: write-output 'suspiciouscommand_cRvVlqPBgU',,,,,,False,c:\temp\5ac70fd089532de4e31b38d8a32d8c18_flash.evtx,0x0,0,"{""EventData"":{""Data"":[{""@Name"":""MessageNumber"",""#text"":""1""},{""@Name"":""MessageTotal"",""#text"":""1""},{""@Name"":""ScriptBlockText"",""#text"":""write-output 'suspiciouscommand_cRvVlqPBgU'""},{""@Name"":""ScriptBlockId"",""#text"":""a4401006-6ff8-400c-862b-63c6d85575eb""},{""@Name"":""Path""}]}}"
76,651,1996-04-18 17:00:16.7715099,4104,Verbose,Microsoft-Windows-PowerShell,Microsoft-Windows-PowerShell/Operational,3508,3644,DESKTOP-18VQM18,0,S-1-5-21-2499541837-3295018831-3194739457-1002,Contains contents of scripts run,,,"Path: ",ScriptBlockText: write-output 'suspiciouscommand_ulNvfdGUPZ',,,,,,False,c:\temp\5ac70fd089532de4e31b38d8a32d8c18_flash.evtx,0x0,0,"{""EventData"":{""Data"":[{""@Name"":""MessageNumber"",""#text"":""1""},{""@Name"":""MessageTotal"",""#text"":""1""},{""@Name"":""ScriptBlockText"",""#text"":""write-output 'suspiciouscommand_ulNvfdGUPZ'""},{""@Name"":""ScriptBlockId"",""#text"":""03b0e7c2-54ee-4c4d-9de4-96f3b521e8e6""},{""@Name"":""Path""}]}}"
77,652,1996-04-18 17:00:16.7907749,4104,Verbose,Microsoft-Windows-PowerShell,Microsoft-Windows-PowerShell/Operational,3508,3644,DESKTOP-18VQM18,0,S-1-5-21-2499541837-3295018831-3194739457-1002,Contains contents of scripts run,,,"Path: ",ScriptBlockText: write-output 'suspiciouscommand_dnsFrxejIR',,,,,,False,c:\temp\5ac70fd089532de4e31b38d8a32d8c18_flash.evtx,0x0,0,"{""EventData"":{""Data"":[{""@Name"":""MessageNumber"",""#text"":""1""},{""@Name"":""MessageTotal"",""#text"":""1""},{""@Name"":""ScriptBlockText"",""#text"":""write-output 'suspiciouscommand_dnsFrxejIR'""},{""@Name"":""ScriptBlockId"",""#text"":""cbec418c-ff23-4b61-b90e-ebefe07739db""},{""@Name"":""Path""}]}}"
78,653,1996-04-18 17:00:16.8075573,4104,Verbose,Microsoft-Windows-PowerShell,Microsoft-Windows-PowerShell/Operational,3508,3644,DESKTOP-18VQM18,0,S-1-5-21-2499541837-3295018831-3194739457-1002,Contains contents of scripts run,,,"Path: ",ScriptBlockText: write-output 'suspiciouscommand_wAiYxWLhSD',,,,,,False,c:\temp\5ac70fd089532de4e31b38d8a32d8c18_flash.evtx,0x0,0,"{""EventData"":{""Data"":[{""@Name"":""MessageNumber"",""#text"":""1""},{""@Name"":""MessageTotal"",""#text"":""1""},{""@Name"":""ScriptBlockText"",""#text"":""write-output 'suspiciouscommand_wAiYxWLhSD'""},{""@Name"":""ScriptBlockId"",""#text"":""85ffd0e3-4c25-4572-b2b2-eaf54c00355f""},{""@Name"":""Path""}]}}"
79,654,1996-04-18 17:00:16.8251532,4104,Verbose,Microsoft-Windows-PowerShell,Microsoft-Windows-PowerShell/Operational,3508,3644,DESKTOP-18VQM18,0,S-1-5-21-2499541837-3295018831-3194739457-1002,Contains contents of scripts run,,,"Path: ",ScriptBlockText: write-output 'suspiciouscommand_SDGgBMdqbV',,,,,,False,c:\temp\5ac70fd089532de4e31b38d8a32d8c18_flash.evtx,0x0,0,"{""EventData"":{""Data"":[{""@Name"":""MessageNumber"",""#text"":""1""},{""@Name"":""MessageTotal"",""#text"":""1""},{""@Name"":""ScriptBlockText"",""#text"":""write-output 'suspiciouscommand_SDGgBMdqbV'""},{""@Name"":""ScriptBlockId"",""#text"":""e403631e-e98e-4e4d-a902-87ffe0c6871c""},{""@Name"":""Path""}]}}"
80,655,1996-04-18 17:00:16.8403071,4104,Verbose,Microsoft-Windows-PowerShell,Microsoft-Windows-PowerShell/Operational,3508,3644,DESKTOP-18VQM18,0,S-1-5-21-2499541837-3295018831-3194739457-1002,Contains contents of scripts run,,,"Path: ",ScriptBlockText: write-output 'suspiciouscommand_hFjrKfaoPE',,,,,,False,c:\temp\5ac70fd089532de4e31b38d8a32d8c18_flash.evtx,0x0,0,"{""EventData"":{""Data"":[{""@Name"":""MessageNumber"",""#text"":""1""},{""@Name"":""MessageTotal"",""#text"":""1""},{""@Name"":""ScriptBlockText"",""#text"":""write-output 'suspiciouscommand_hFjrKfaoPE'""},{""@Name"":""ScriptBlockId"",""#text"":""8f225fca-ba53-4de9-b82a-2b0fe0316940""},{""@Name"":""Path""}]}}"
81,656,1996-04-18 17:00:16.8562364,4104,Verbose,Microsoft-Windows-PowerShell,Microsoft-Windows-PowerShell/Operational,3508,3644,DESKTOP-18VQM18,0,S-1-5-21-2499541837-3295018831-3194739457-1002,Contains contents of scripts run,,,"Path: ",ScriptBlockText: write-output 'suspiciouscommand_PfIdDFhioz',,,,,,False,c:\temp\5ac70fd089532de4e31b38d8a32d8c18_flash.evtx,0x0,0,"{""EventData"":{""Data"":[{""@Name"":""MessageNumber"",""#text"":""1""},{""@Name"":""MessageTotal"",""#text"":""1""},{""@Name"":""ScriptBlockText"",""#text"":""write-output 'suspiciouscommand_PfIdDFhioz'""},{""@Name"":""ScriptBlockId"",""#text"":""d7e58d47-bf31-4928-8f33-47419da340d0""},{""@Name"":""Path""}]}}"
82,657,1996-04-18 17:00:16.8724396,4104,Verbose,Microsoft-Windows-PowerShell,Microsoft-Windows-PowerShell/Operational,3508,3644,DESKTOP-18VQM18,0,S-1-5-21-2499541837-3295018831-3194739457-1002,Contains contents of scripts run,,,"Path: ",ScriptBlockText: write-output 'suspiciouscommand_lgDCQsWutA',,,,,,False,c:\temp\5ac70fd089532de4e31b38d8a32d8c18_flash.evtx,0x0,0,"{""EventData"":{""Data"":[{""@Name"":""MessageNumber"",""#text"":""1""},{""@Name"":""MessageTotal"",""#text"":""1""},{""@Name"":""ScriptBlockText"",""#text"":""write-output 'suspiciouscommand_lgDCQsWutA'""},{""@Name"":""ScriptBlockId"",""#text"":""98c6697c-6fc1-4edd-bfbd-a5b17d1ca6c3""},{""@Name"":""Path""}]}}"
83,658,1996-04-18 17:00:16.8906207,4104,Verbose,Microsoft-Windows-PowerShell,Microsoft-Windows-PowerShell/Operational,3508,3644,DESKTOP-18VQM18,0,S-1-5-21-2499541837-3295018831-3194739457-1002,Contains contents of scripts run,,,"Path: ",ScriptBlockText: write-output 'suspiciouscommand_QpvtTlMKuS',,,,,,False,c:\temp\5ac70fd089532de4e31b38d8a32d8c18_flash.evtx,0x0,0,"{""EventData"":{""Data"":[{""@Name"":""MessageNumber"",""#text"":""1""},{""@Name"":""MessageTotal"",""#text"":""1""},{""@Name"":""ScriptBlockText"",""#text"":""write-output 'suspiciouscommand_QpvtTlMKuS'""},{""@Name"":""ScriptBlockId"",""#text"":""bfe79bd7-6b67-4d10-ad97-63a39580d2c1""},{""@Name"":""Path""}]}}"
84,659,1996-04-18 17:00:16.9056497,4104,Verbose,Microsoft-Windows-PowerShell,Microsoft-Windows-PowerShell/Operational,3508,3644,DESKTOP-18VQM18,0,S-1-5-21-2499541837-3295018831-3194739457-1002,Contains contents of scripts run,,,"Path: ",ScriptBlockText: write-output 'suspiciouscommand_ExLzkPhMSJ',,,,,,False,c:\temp\5ac70fd089532de4e31b38d8a32d8c18_flash.evtx,0x0,0,"{""EventData"":{""Data"":[{""@Name"":""MessageNumber"",""#text"":""1""},{""@Name"":""MessageTotal"",""#text"":""1""},{""@Name"":""ScriptBlockText"",""#text"":""write-output 'suspiciouscommand_ExLzkPhMSJ'""},{""@Name"":""ScriptBlockId"",""#text"":""5be078dd-3698-43f1-8ad9-acc4b74647ed""},{""@Name"":""Path""}]}}"
85,660,1996-04-18 17:00:16.9211805,4104,Verbose,Microsoft-Windows-PowerShell,Microsoft-Windows-PowerShell/Operational,3508,3644,DESKTOP-18VQM18,0,S-1-5-21-2499541837-3295018831-3194739457-1002,Contains contents of scripts run,,,"Path: ",ScriptBlockText: write-output 'suspiciouscommand_qosxbfMYnk',,,,,,False,c:\temp\5ac70fd089532de4e31b38d8a32d8c18_flash.evtx,0x0,0,"{""EventData"":{""Data"":[{""@Name"":""MessageNumber"",""#text"":""1""},{""@Name"":""MessageTotal"",""#text"":""1""},{""@Name"":""ScriptBlockText"",""#text"":""write-output 'suspiciouscommand_qosxbfMYnk'""},{""@Name"":""ScriptBlockId"",""#text"":""01836e11-3db6-4136-b123-c8b8c8e54667""},{""@Name"":""Path""}]}}"
86,661,1996-04-18 17:00:16.9375168,4104,Verbose,Microsoft-Windows-PowerShell,Microsoft-Windows-PowerShell/Operational,3508,3644,DESKTOP-18VQM18,0,S-1-5-21-2499541837-3295018831-3194739457-1002,Contains contents of scripts run,,,"Path: ",ScriptBlockText: write-output 'suspiciouscommand_QPVxSXKMLW',,,,,,False,c:\temp\5ac70fd089532de4e31b38d8a32d8c18_flash.evtx,0x0,0,"{""EventData"":{""Data"":[{""@Name"":""MessageNumber"",""#text"":""1""},{""@Name"":""MessageTotal"",""#text"":""1""},{""@Name"":""ScriptBlockText"",""#text"":""write-output 'suspiciouscommand_QPVxSXKMLW'""},{""@Name"":""ScriptBlockId"",""#text"":""c67fdf8b-d76b-4b94-a706-f4a60486465b""},{""@Name"":""Path""}]}}"
87,662,1996-04-18 17:00:16.9533239,4104,Verbose,Microsoft-Windows-PowerShell,Microsoft-Windows-PowerShell/Operational,3508,3644,DESKTOP-18VQM18,0,S-1-5-21-2499541837-3295018831-3194739457-1002,Contains contents of scripts run,,,"Path: ",ScriptBlockText: write-output 'suspiciouscommand_zBHqdsJYny',,,,,,False,c:\temp\5ac70fd089532de4e31b38d8a32d8c18_flash.evtx,0x0,0,"{""EventData"":{""Data"":[{""@Name"":""MessageNumber"",""#text"":""1""},{""@Name"":""MessageTotal"",""#text"":""1""},{""@Name"":""ScriptBlockText"",""#text"":""write-output 'suspiciouscommand_zBHqdsJYny'""},{""@Name"":""ScriptBlockId"",""#text"":""93785b2f-5fef-4f36-b043-69daed90b1e7""},{""@Name"":""Path""}]}}"
88,663,1996-04-18 17:00:16.9691374,4104,Verbose,Microsoft-Windows-PowerShell,Microsoft-Windows-PowerShell/Operational,3508,3644,DESKTOP-18VQM18,0,S-1-5-21-2499541837-3295018831-3194739457-1002,Contains contents of scripts run,,,"Path: ",ScriptBlockText: write-output 'suspiciouscommand_aAULqkFBlO',,,,,,False,c:\temp\5ac70fd089532de4e31b38d8a32d8c18_flash.evtx,0x0,0,"{""EventData"":{""Data"":[{""@Name"":""MessageNumber"",""#text"":""1""},{""@Name"":""MessageTotal"",""#text"":""1""},{""@Name"":""ScriptBlockText"",""#text"":""write-output 'suspiciouscommand_aAULqkFBlO'""},{""@Name"":""ScriptBlockId"",""#text"":""cd1f0a20-14d5-4b3b-aa13-9a612cbf334f""},{""@Name"":""Path""}]}}"
89,664,1996-04-18 17:00:16.9732074,4104,Verbose,Microsoft-Windows-PowerShell,Microsoft-Windows-PowerShell/Operational,3508,3644,DESKTOP-18VQM18,0,S-1-5-21-2499541837-3295018831-3194739457-1002,Contains contents of scripts run,,,"Path: ",ScriptBlockText: prompt,,,,,,False,c:\temp\5ac70fd089532de4e31b38d8a32d8c18_flash.evtx,0x0,0,"{""EventData"":{""Data"":[{""@Name"":""MessageNumber"",""#text"":""1""},{""@Name"":""MessageTotal"",""#text"":""1""},{""@Name"":""ScriptBlockText"",""#text"":""prompt""},{""@Name"":""ScriptBlockId"",""#text"":""bbf13bda-1a56-42dc-8d25-6c52a859f391""},{""@Name"":""Path""}]}}"
